This file contains any messages produced by compilers while
running configure, to aid debugging if configure makes a mistake.

It was created by my_program configure 0.1, which was
generated by GNU Autoconf 2.69.  Invocation command line was

  $ ./configure 

## --------- ##
## Platform. ##
## --------- ##

hostname = klamud
uname -m = x86_64
uname -r = 5.4.0-53-generic
uname -s = Linux
uname -v = #59-Ubuntu SMP Wed Oct 21 09:38:44 UTC 2020

/usr/bin/uname -p = x86_64
/bin/uname -X     = unknown

/bin/arch              = x86_64
/usr/bin/arch -k       = unknown
/usr/convex/getsysinfo = unknown
/usr/bin/hostinfo      = unknown
/bin/machine           = unknown
/usr/bin/oslevel       = unknown
/bin/universe          = unknown

PATH: /usr/local/sbin
PATH: /usr/local/bin
PATH: /usr/sbin
PATH: /usr/bin
PATH: /sbin
PATH: /bin
PATH: /usr/games
PATH: /usr/local/games
PATH: /snap/bin
PATH: /home/prasimax/development/flutter/bin


## ----------- ##
## Core tests. ##
## ----------- ##

configure:1840: checking for a BSD-compatible install
configure:1908: result: /usr/bin/install -c
configure:1919: checking whether build environment is sane
configure:1974: result: yes
configure:2123: checking for a thread-safe mkdir -p
configure:2162: result: /usr/bin/mkdir -p
configure:2169: checking for gawk
configure:2185: found /usr/bin/gawk
configure:2196: result: gawk
configure:2207: checking whether make sets $(MAKE)
configure:2229: result: yes
configure:2258: checking whether make supports nested variables
configure:2275: result: yes
configure:2446: checking for ranlib
configure:2462: found /usr/bin/ranlib
configure:2473: result: ranlib
configure:2561: checking for g++
configure:2577: found /usr/bin/g++
configure:2588: result: g++
configure:2615: checking for C++ compiler version
configure:2624: g++ --version >&5
g++ (Ubuntu 9.3.0-17ubuntu1~20.04) 9.3.0
Copyright (C) 2019 Free Software Foundation, Inc.
This is free software; see the source for copying conditions.  There is NO
warranty; not even for MERCHANTABILITY or FITNESS FOR A PARTICULAR PURPOSE.

configure:2635: $? = 0
configure:2624: g++ -v >&5
Using built-in specs.
COLLECT_GCC=g++
COLLECT_LTO_WRAPPER=/usr/lib/gcc/x86_64-linux-gnu/9/lto-wrapper
OFFLOAD_TARGET_NAMES=nvptx-none:hsa
OFFLOAD_TARGET_DEFAULT=1
Target: x86_64-linux-gnu
Configured with: ../src/configure -v --with-pkgversion='Ubuntu 9.3.0-17ubuntu1~20.04' --with-bugurl=file:///usr/share/doc/gcc-9/README.Bugs --enable-languages=c,ada,c++,go,brig,d,fortran,objc,obj-c++,gm2 --prefix=/usr --with-gcc-major-version-only --program-suffix=-9 --program-prefix=x86_64-linux-gnu- --enable-shared --enable-linker-build-id --libexecdir=/usr/lib --without-included-gettext --enable-threads=posix --libdir=/usr/lib --enable-nls --enable-clocale=gnu --enable-libstdcxx-debug --enable-libstdcxx-time=yes --with-default-libstdcxx-abi=new --enable-gnu-unique-object --disable-vtable-verify --enable-plugin --enable-default-pie --with-system-zlib --with-target-system-zlib=auto --enable-objc-gc=auto --enable-multiarch --disable-werror --with-arch-32=i686 --with-abi=m64 --with-multilib-list=m32,m64,mx32 --enable-multilib --with-tune=generic --enable-offload-targets=nvptx-none=/build/gcc-9-HskZEa/gcc-9-9.3.0/debian/tmp-nvptx/usr,hsa --without-cuda-driver --enable-checking=release --build=x86_64-linux-gnu --host=x86_64-linux-gnu --target=x86_64-linux-gnu
Thread model: posix
gcc version 9.3.0 (Ubuntu 9.3.0-17ubuntu1~20.04) 
configure:2635: $? = 0
configure:2624: g++ -V >&5
g++: error: unrecognized command line option '-V'
g++: fatal error: no input files
compilation terminated.
configure:2635: $? = 1
configure:2624: g++ -qversion >&5
g++: error: unrecognized command line option '-qversion'; did you mean '--version'?
g++: fatal error: no input files
compilation terminated.
configure:2635: $? = 1
configure:2655: checking whether the C++ compiler works
configure:2677: g++    conftest.cpp  >&5
configure:2681: $? = 0
configure:2729: result: yes
configure:2732: checking for C++ compiler default output file name
configure:2734: result: a.out
configure:2740: checking for suffix of executables
configure:2747: g++ -o conftest    conftest.cpp  >&5
configure:2751: $? = 0
configure:2773: result: 
configure:2795: checking whether we are cross compiling
configure:2803: g++ -o conftest    conftest.cpp  >&5
configure:2807: $? = 0
configure:2814: ./conftest
configure:2818: $? = 0
configure:2806: result: no
configure:2811: checking for suffix of object files
configure:2833: g++ -c   conftest.cpp >&5
configure:2837: $? = 0
configure:2858: result: o
configure:2862: checking whether we are using the GNU C++ compiler
configure:2881: g++ -c   conftest.cpp >&5
configure:2881: $? = 0
configure:2890: result: yes
configure:2899: checking whether g++ accepts -g
configure:2919: g++ -c -g  conftest.cpp >&5
configure:2919: $? = 0
configure:2960: result: yes
configure:2986: checking whether make supports the include directive
configure:3001: make -f confmf.GNU && cat confinc.out
this is the am__doit target
configure:3004: $? = 0
configure:3023: result: yes (GNU style)
configure:3048: checking dependency style of g++
configure:3159: result: gcc3
configure:3320: checking that generated files are newer than configure
configure:3326: result: done
configure:3349: creating ./config.status

## ---------------------- ##
## Running config.status. ##
## ---------------------- ##

This file was extended by my_program config.status 0.1, which was
generated by GNU Autoconf 2.69.  Invocation command line was

  CONFIG_FILES    = 
  CONFIG_HEADERS  = 
  CONFIG_LINKS    = 
  CONFIG_COMMANDS = 
  $ ./config.status 

on klamud

config.status:773: creating Makefile
config.status:773: creating my_inc/Makefile
config.status:773: creating src/Makefile
config.status:945: executing depfiles commands
config.status:1022: cd my_inc       && sed -e '/# am--include-marker/d' Makefile         | make -f - am--depfiles
config.status:1027: $? = 0
config.status:1022: cd src       && sed -e '/# am--include-marker/d' Makefile         | make -f - am--depfiles
config.status:1027: $? = 0

## ---------------- ##
## Cache variables. ##
## ---------------- ##

ac_cv_cxx_compiler_gnu=yes
ac_cv_env_CCC_set=
ac_cv_env_CCC_value=
ac_cv_env_CPPFLAGS_set=
ac_cv_env_CPPFLAGS_value=
ac_cv_env_CXXFLAGS_set=
ac_cv_env_CXXFLAGS_value=
ac_cv_env_CXX_set=
ac_cv_env_CXX_value=
ac_cv_env_LDFLAGS_set=
ac_cv_env_LDFLAGS_value=
ac_cv_env_LIBS_set=
ac_cv_env_LIBS_value=
ac_cv_env_build_alias_set=
ac_cv_env_build_alias_value=
ac_cv_env_host_alias_set=
ac_cv_env_host_alias_value=
ac_cv_env_target_alias_set=
ac_cv_env_target_alias_value=
ac_cv_objext=o
ac_cv_path_install='/usr/bin/install -c'
ac_cv_path_mkdir=/usr/bin/mkdir
ac_cv_prog_AWK=gawk
ac_cv_prog_ac_ct_CXX=g++
ac_cv_prog_ac_ct_RANLIB=ranlib
ac_cv_prog_cxx_g=yes
ac_cv_prog_make_make_set=yes
am_cv_CXX_dependencies_compiler_type=gcc3
am_cv_make_support_nested_variables=yes

## ----------------- ##
## Output variables. ##
## ----------------- ##

ACLOCAL='${SHELL} /home/prasimax/dev/cppgenerator/missing aclocal-1.16'
AMDEPBACKSLASH='\'
AMDEP_FALSE='#'
AMDEP_TRUE=''
AMTAR='$${TAR-tar}'
AM_BACKSLASH='\'
AM_DEFAULT_V='$(AM_DEFAULT_VERBOSITY)'
AM_DEFAULT_VERBOSITY='1'
AM_V='$(V)'
AUTOCONF='${SHELL} /home/prasimax/dev/cppgenerator/missing autoconf'
AUTOHEADER='${SHELL} /home/prasimax/dev/cppgenerator/missing autoheader'
AUTOMAKE='${SHELL} /home/prasimax/dev/cppgenerator/missing automake-1.16'
AWK='gawk'
CC=''
CPPFLAGS=''
CXX='g++'
CXXDEPMODE='depmode=gcc3'
CXXFLAGS='-g -O2'
CYGPATH_W='echo'
DEFS='-DPACKAGE_NAME=\"my_program\" -DPACKAGE_TARNAME=\"my_program\" -DPACKAGE_VERSION=\"0.1\" -DPACKAGE_STRING=\"my_program\ 0.1\" -DPACKAGE_BUGREPORT=\"\" -DPACKAGE_URL=\"\" -DPACKAGE=\"my_program\" -DVERSION=\"0.1\"'
DEPDIR='.deps'
ECHO_C=''
ECHO_N='-n'
ECHO_T=''
EXEEXT=''
INSTALL_DATA='${INSTALL} -m 644'
INSTALL_PROGRAM='${INSTALL}'
INSTALL_SCRIPT='${INSTALL}'
INSTALL_STRIP_PROGRAM='$(install_sh) -c -s'
LDFLAGS=''
LIBOBJS=''
LIBS=''
LTLIBOBJS=''
MAKEINFO='${SHELL} /home/prasimax/dev/cppgenerator/missing makeinfo'
MKDIR_P='/usr/bin/mkdir -p'
OBJEXT='o'
PACKAGE='my_program'
PACKAGE_BUGREPORT=''
PACKAGE_NAME='my_program'
PACKAGE_STRING='my_program 0.1'
PACKAGE_TARNAME='my_program'
PACKAGE_URL=''
PACKAGE_VERSION='0.1'
PATH_SEPARATOR=':'
RANLIB='ranlib'
SET_MAKE=''
SHELL='/bin/bash'
STRIP=''
VERSION='0.1'
ac_ct_CXX='g++'
am__EXEEXT_FALSE=''
am__EXEEXT_TRUE='#'
am__fastdepCXX_FALSE='#'
am__fastdepCXX_TRUE=''
am__include='include'
am__isrc=''
am__leading_dot='.'
am__nodep='_no'
am__quote=''
am__tar='$${TAR-tar} chof - "$$tardir"'
am__untar='$${TAR-tar} xf -'
bindir='${exec_prefix}/bin'
build_alias=''
datadir='${datarootdir}'
datarootdir='${prefix}/share'
docdir='${datarootdir}/doc/${PACKAGE_TARNAME}'
dvidir='${docdir}'
exec_prefix='${prefix}'
host_alias=''
htmldir='${docdir}'
includedir='${prefix}/include'
infodir='${datarootdir}/info'
install_sh='${SHELL} /home/prasimax/dev/cppgenerator/install-sh'
libdir='${exec_prefix}/lib'
libexecdir='${exec_prefix}/libexec'
localedir='${datarootdir}/locale'
localstatedir='${prefix}/var'
mandir='${datarootdir}/man'
mkdir_p='$(MKDIR_P)'
oldincludedir='/usr/include'
pdfdir='${docdir}'
prefix='/usr/local'
program_transform_name='s,x,x,'
psdir='${docdir}'
runstatedir='${localstatedir}/run'
sbindir='${exec_prefix}/sbin'
sharedstatedir='${prefix}/com'
sysconfdir='${prefix}/etc'
target_alias=''

## ----------- ##
## confdefs.h. ##
## ----------- ##

/* confdefs.h */
#define PACKAGE_NAME "my_program"
#define PACKAGE_TARNAME "my_program"
#define PACKAGE_VERSION "0.1"
#define PACKAGE_STRING "my_program 0.1"
#define PACKAGE_BUGREPORT ""
#define PACKAGE_URL ""
#define PACKAGE "my_program"
#define VERSION "0.1"

configure: exit 0
